
ROM used:   1815 (22%)
            1815 (22%) including unused fragments

            0 Average locations per line
            2 Average locations per statement

RAM used:   70 (19%) at main() level
            123 (33%) worst case

Stack used: 7/8 worst case (5 in main + 2 for interrupts)

Lines Stmts  %   Files
----- ----- ---  -----
  124    94  10  main.c
   13     0   0  main.h
  302     0   0  C:\Program Files (x86)\PICC\devices\16F877.h
  232    44   5  flcd.c
 2229   257  28  C:\Program Files (x86)\PICC\drivers\math.h
 1351   359  40  C:\Program Files (x86)\PICC\drivers\stdlib.h
   32     0   0  C:\Program Files (x86)\PICC\drivers\stddef.h
  423   125  14  C:\Program Files (x86)\PICC\drivers\string.h
   28     0   0  C:\Program Files (x86)\PICC\drivers\ctype.h
   21     0   0  init.h
   87    27   3  functions.c
----- -----
 4842   906 Total

Page ROM  %  RAM   Vol Diff  Functions:
---- --- --- ---   --- ----  ----------
0     20   1   1             @delay_ms1
0      8   0   0             @const65
0     42   2   1   326  2.8  lcd_send_nibble
0     39   2   3   235  3.8  lcd_send_byte
0     47   3   2   380  4.7  lcd_init
0     18   1   4   186  5.5  lcd_gotoxy
0     36   2   1   280  3.6  lcd_putc
 Inline       10             @FLT
 Inline        4             @SFTOI
0     31   2   2             @ITOF
 Inline       13             @MULFF
0    326  18  16             @ADDFF
0     16   1   1   112  3.3  ASCItoInt
0     19   1   2   127  3.7  Byte_yap
 Inline        3   163  3.5  f_Anlg_giris
 Inline       26   540  7.0  f_Kontrol
0    508  28   0   102  1.7  RTCC_isr
0     19   1   2   119  3.4  RDA_isr
0      4   0   0     5  1.0  TIMER1_isr
0    406  22   4  3251  8.0  MAIN
0      9   0   0             @const526
0     75   4   4             @PSTRINGC7_79
0      9   0   0             @const528
0     35   2   2             @PRINTF_X_9600_62_63
0      9   0   0             @const534
0     21   1   3             @DIV88
0     53   3   2             @PRINTF_U_79
 Inline        0             @cinit1

Program metrics:
    Functions               13
    Statements              906
    Comments                1198
    Volume (V)              8518
    Difficulty (D)          51.7
    Effort to implement (E) 440720
    Time to implement (T)   6 hours, 48 minutes
    Est Delivered Bugs (B)  2
    Cyclomatic Complexity   28
    Maintainability (MI)    105

 Segment     Used  Free
-----------  ----  ----
00000-00003     4  0  
00004-00040    61  0  
00041-007FF  1750  233  
00800-00FFF     0  2048  
01000-017FF     0  2048  
01800-01FFF     0  2048  



